<?xml version="1.0" encoding="UTF-8"?>
<testsuite name="WallServiceTest" tests="3" skipped="0" failures="0" errors="0" timestamp="2022-04-11T16:55:30" hostname="DESKTOP-864F5FQ" time="0.205">
  <properties/>
  <testcase name="addTest" classname="WallServiceTest" time="0.205"/>
  <testcase name="updateFalse" classname="WallServiceTest" time="0.0"/>
  <testcase name="updateTrue" classname="WallServiceTest" time="0.0"/>
  <system-out><![CDATA[]]></system-out>
  <system-err><![CDATA[]]></system-err>
</testsuite>
